<?xml version="1.0" encoding="UTF-8"?>
<!-- Generated by org.testng.reporters.JUnitReportReporter -->
<testsuite hostname="DESKTOP-M1P3LTQ" failures="0" tests="14" name="TestNg.PriorityTest" time="0.084" errors="0" timestamp="2024-09-12T23:50:01 IST" skipped="0">
  <testcase classname="TestNg.PriorityTest" name="m1" time="0.021"/>
  <system-out/>
  <testcase classname="TestNg.PriorityTest" name="m1" time="0.003"/>
  <system-out/>
  <testcase classname="TestNg.PriorityTest" name="m1" time="0.003"/>
  <system-out/>
  <testcase classname="TestNg.PriorityTest" name="m3" time="0.002"/>
  <system-out/>
  <testcase classname="TestNg.PriorityTest" name="m3" time="0.004"/>
  <system-out/>
  <testcase classname="TestNg.PriorityTest" name="m3" time="0.006"/>
  <system-out/>
  <testcase classname="TestNg.PriorityTest" name="m3" time="0.008"/>
  <system-out/>
  <testcase classname="TestNg.PriorityTest" name="m2" time="0.007"/>
  <system-out/>
  <testcase classname="TestNg.PriorityTest" name="m2" time="0.003"/>
  <system-out/>
  <testcase classname="TestNg.PriorityTest" name="m2" time="0.006"/>
  <system-out/>
  <testcase classname="TestNg.PriorityTest" name="m2" time="0.003"/>
  <system-out/>
  <testcase classname="TestNg.PriorityTest" name="m2" time="0.006"/>
  <system-out/>
  <testcase classname="TestNg.PriorityTest" name="m2" time="0.003"/>
  <system-out/>
  <testcase classname="TestNg.PriorityTest" name="m4" time="0.009"/>
  <system-out/>
</testsuite> <!-- TestNg.PriorityTest -->
