<?xml version="1.0" encoding="UTF-8"?>
<!-- Generated by org.testng.reporters.JUnitReportReporter -->
<testsuite hostname="DESKTOP-M1P3LTQ" failures="0" tests="1" name="TestNg.PriorityTest" time="0.023" errors="0" timestamp="2024-09-12T01:11:20 IST" skipped="0">
  <testcase classname="TestNg.PriorityTest" name="m1" time="0.023"/>
</testsuite> <!-- TestNg.PriorityTest -->
