<?xml version="1.0" encoding="UTF-8"?>
<!-- Generated by org.testng.reporters.JUnitReportReporter -->
<testsuite hostname="DESKTOP-M1P3LTQ" failures="0" tests="1" name="Product.CreateProductTest" time="26.560" errors="0" timestamp="2024-09-16T12:39:44 IST" skipped="0">
  <testcase classname="Product.CreateProductTest" name="createProduct" time="26.560"/>
  <system-out/>
</testsuite> <!-- Product.CreateProductTest -->
